#-----------------------------------------------------------
# Vivado v2020.1 (64-bit)
# SW Build 2902540 on Wed May 27 19:54:49 MDT 2020
# IP Build 2902112 on Wed May 27 22:43:36 MDT 2020
# Start of session at: Fri Oct  9 17:09:18 2020
# Process ID: 17420
# Current directory: C:/Users/spencer_stinson1/Documents/GitHub/Lab06A/Lab06_
# Command line: vivado.exe -gui_launcher_event rodinguilauncherevent3920 C:\Users\spencer_stinson1\Documents\GitHub\Lab06A\Lab06_\Lab06_.xpr
# Log file: C:/Users/spencer_stinson1/Documents/GitHub/Lab06A/Lab06_/vivado.log
# Journal file: C:/Users/spencer_stinson1/Documents/GitHub/Lab06A/Lab06_\vivado.jou
#-----------------------------------------------------------
start_gui
open_project C:/Users/spencer_stinson1/Documents/GitHub/Lab06A/Lab06_/Lab06_.xpr
Scanning sources...
Finished scanning sources
CRITICAL WARNING: [Board 49-67] The board_part definition was not found for digilentinc.com:basys3:part0:1.1. This can happen sometimes when you use custom board part. You can resolve this issue by setting 'board.repoPaths' parameter, pointing to the location of custom board files. Valid board_part values can be retrieved with the 'get_board_parts' Tcl command.
INFO: [IP_Flow 19-234] Refreshing IP repositories
INFO: [IP_Flow 19-1704] No user IP repositories specified
INFO: [IP_Flow 19-2313] Loaded Vivado IP repository 'C:/XilinxVitis/Vivado/2020.1/data/ip'.
open_project: Time (s): cpu = 00:00:14 ; elapsed = 00:00:12 . Memory (MB): peak = 1075.758 ; gain = 0.000
update_compile_order -fileset sources_1
exit
INFO: [Common 17-206] Exiting Vivado at Fri Oct  9 18:13:14 2020...
